[1] "seed set"
[1] "packages loaded"
[1] "functions loaded"
[1] "enabled args usage"
[1] "vine"
[1] "loaded seurat object"
[1] "loaded mapped gene input"
[1] "loaded tmp ppi"
[1] "loaded AD-risk gene list"
[1] "calculating AD edge weights"
[1] "calculating CTRL edge weights"
[1] "created igraph objects"
[1] "split objects"
[1] "saving objects"
R version 4.1.3 (2022-03-10)
Platform: x86_64-pc-linux-gnu (64-bit)
Running under: Ubuntu 20.04.6 LTS

Matrix products: default
BLAS/LAPACK: /usr/lib/x86_64-linux-gnu/openblas-pthread/libopenblasp-r0.3.8.so

locale:
[1] C

attached base packages:
[1] stats     graphics  grDevices utils     datasets  methods   base     

other attached packages:
 [1] SeuratObject_4.1.3 Seurat_4.3.0.9002  igraph_1.4.2       STRINGdb_2.6.5    
 [5] lubridate_1.9.2    forcats_1.0.0      stringr_1.5.0      dplyr_1.1.2       
 [9] purrr_1.0.1        readr_2.1.4        tidyr_1.3.0        tibble_3.2.1      
[13] ggplot2_3.4.2      tidyverse_2.0.0   

loaded via a namespace (and not attached):
  [1] Rtsne_0.16             colorspace_2.1-0       deldir_1.0-6          
  [4] ellipsis_0.3.2         ggridges_0.5.4         spatstat.data_3.0-1   
  [7] leiden_0.4.3           listenv_0.9.0          hash_2.2.6.2          
 [10] ggrepel_0.9.3          bit64_4.0.5            fansi_1.0.4           
 [13] sqldf_0.4-11           R.methodsS3_1.8.2      codetools_0.2-18      
 [16] splines_4.1.3          cachem_1.0.7           polyclip_1.10-4       
 [19] jsonlite_1.8.4         ica_1.0-3              cluster_2.1.2         
 [22] R.oo_1.25.0            png_0.1-8              uwot_0.1.14           
 [25] spatstat.sparse_3.0-1  shiny_1.7.4            sctransform_0.3.5.9002
 [28] compiler_4.1.3         httr_1.4.5             Matrix_1.5-4          
 [31] fastmap_1.1.1          lazyeval_0.2.2         cli_3.6.1             
 [34] later_1.3.0            htmltools_0.5.5        tools_4.1.3           
 [37] gtable_0.3.3           glue_1.6.2             RANN_2.6.1            
 [40] reshape2_1.4.4         Rcpp_1.0.10            scattermore_0.8       
 [43] vctrs_0.6.2            nlme_3.1-155           spatstat.explore_3.1-0
 [46] progressr_0.13.0       lmtest_0.9-40          spatstat.random_3.1-4 
 [49] globals_0.16.2         proto_1.0.0            timechange_0.2.0      
 [52] mime_0.12              miniUI_0.1.1.1         lifecycle_1.0.3       
 [55] irlba_2.3.5.1          gtools_3.9.4           goftest_1.2-3         
 [58] future_1.32.0          MASS_7.3-55            zoo_1.8-12            
 [61] scales_1.2.1           spatstat.utils_3.0-2   hms_1.1.3             
 [64] promises_1.2.0.1       parallel_4.1.3         RColorBrewer_1.1-3    
 [67] gridExtra_2.3          memoise_2.0.1          reticulate_1.28       
 [70] pbapply_1.7-0          stringi_1.7.12         RSQLite_2.3.1         
 [73] plotrix_3.8-2          caTools_1.18.2         chron_2.3-60          
 [76] rlang_1.1.0            pkgconfig_2.0.3        matrixStats_0.63.0    
 [79] bitops_1.0-7           lattice_0.20-45        tensor_1.5            
 [82] ROCR_1.0-11            patchwork_1.1.2        htmlwidgets_1.6.2     
 [85] cowplot_1.1.1          bit_4.0.5              tidyselect_1.2.0      
 [88] parallelly_1.35.0      RcppAnnoy_0.0.20       plyr_1.8.8            
 [91] magrittr_2.0.3         R6_2.5.1               gplots_3.1.3          
 [94] generics_0.1.3         DBI_1.1.3              gsubfn_0.7            
 [97] pillar_1.9.0           withr_2.5.0            fitdistrplus_1.1-11   
[100] abind_1.4-5            survival_3.3-1         RCurl_1.98-1.12       
[103] sp_1.6-0               future.apply_1.10.0    KernSmooth_2.23-20    
[106] utf8_1.2.3             spatstat.geom_3.1-0    plotly_4.10.1         
[109] tzdb_0.3.0             grid_4.1.3             data.table_1.14.8     
[112] blob_1.2.4             digest_0.6.31          xtable_1.8-4          
[115] httpuv_1.6.9           R.utils_2.12.2         munsell_0.5.0         
[118] viridisLite_0.4.1     
[1] "Run time: 7.65236055555556 hours"
