-- Attaching core tidyverse packages ------------------------ tidyverse 2.0.0 --
v dplyr     1.1.2     v readr     2.1.4
v forcats   1.0.0     v stringr   1.5.0
v ggplot2   3.4.2     v tibble    3.2.1
v lubridate 1.9.2     v tidyr     1.3.0
v purrr     1.0.1     
-- Conflicts ------------------------------------------ tidyverse_conflicts() --
x dplyr::filter() masks stats::filter()
x dplyr::lag()    masks stats::lag()
i Use the conflicted package (<http://conflicted.r-lib.org/>) to force all conflicts to become errors

Attaching package: 'igraph'

The following objects are masked from 'package:lubridate':

    %--%, union

The following objects are masked from 'package:dplyr':

    as_data_frame, groups, union

The following objects are masked from 'package:purrr':

    compose, simplify

The following object is masked from 'package:tidyr':

    crossing

The following object is masked from 'package:tibble':

    as_data_frame

The following objects are masked from 'package:stats':

    decompose, spectrum

The following object is masked from 'package:base':

    union

Attaching SeuratObject
Warning messages:
1: In asMethod(object) :
  sparse->dense coercion: allocating vector of size 1.8 GiB
2: In FetchData.Seurat(target_cond, slot = "counts", vars = genes_ppi) :
  The following requested variables were not found (10 out of 302 shown): C22ORF31, C20ORF27, C16ORF70, C19ORF44, C11ORF58, C12ORF57, C6ORF118, C5ORF15, C1ORF21, C10ORF95
3: In asMethod(object) :
  sparse->dense coercion: allocating vector of size 1.6 GiB
4: In FetchData.Seurat(target_cond, slot = "counts", vars = genes_ppi) :
  The following requested variables were not found (10 out of 302 shown): C22ORF31, C20ORF27, C16ORF70, C19ORF44, C11ORF58, C12ORF57, C6ORF118, C5ORF15, C1ORF21, C10ORF95
