[1] "seed set"
[1] "packages loaded"
[1] "enabled args usage"
[1] "geo_AD_in"
[1] "loaded igraph object"
[1] "calculated distances"
[1] "saving distance matrix"
R version 4.1.3 (2022-03-10)
Platform: x86_64-pc-linux-gnu (64-bit)
Running under: Ubuntu 20.04.6 LTS

Matrix products: default
BLAS/LAPACK: /usr/lib/x86_64-linux-gnu/openblas-pthread/libopenblasp-r0.3.8.so

locale:
[1] C

attached base packages:
[1] stats     graphics  grDevices utils     datasets  methods   base     

other attached packages:
 [1] igraph_1.4.2    lubridate_1.9.2 forcats_1.0.0   stringr_1.5.0  
 [5] dplyr_1.1.2     purrr_1.0.1     readr_2.1.4     tidyr_1.3.0    
 [9] tibble_3.2.1    ggplot2_3.4.2   tidyverse_2.0.0

loaded via a namespace (and not attached):
 [1] magrittr_2.0.3    hms_1.1.3         tidyselect_1.2.0  munsell_0.5.0    
 [5] timechange_0.2.0  colorspace_2.1-0  R6_2.5.1          rlang_1.1.0      
 [9] fansi_1.0.4       tools_4.1.3       grid_4.1.3        gtable_0.3.3     
[13] R.oo_1.25.0       utf8_1.2.3        cli_3.6.1         withr_2.5.0      
[17] lifecycle_1.0.3   tzdb_0.3.0        R.utils_2.12.2    vctrs_0.6.2      
[21] glue_1.6.2        stringi_1.7.12    compiler_4.1.3    pillar_1.9.0     
[25] R.methodsS3_1.8.2 generics_0.1.3    scales_1.2.1      pkgconfig_2.0.3  
[1] "Run time: 1.57390611111111 hours"
